<?xml version="1.0" encoding="UTF-8"?>
<testng-results ignored="0" total="4" passed="4" failed="0" skipped="0">
  <reporter-output>
  </reporter-output>
  <suite started-at="2025-11-20T17:53:30 IST" name="chainingid" finished-at="2025-11-20T17:53:40 IST" duration-ms="9671">
    <groups>
    </groups>
    <test started-at="2025-11-20T17:53:30 IST" name="passingidtodiffertclasses" finished-at="2025-11-20T17:53:40 IST" duration-ms="9671">
      <class name="Day3.createuserchaining">
        <test-method signature="creatUser(org.testng.ITestContext)[pri:0, instance:Day3.createuserchaining@10aa41f2]" started-at="2025-11-20T17:53:31 IST" name="creatUser" finished-at="2025-11-20T17:53:36 IST" duration-ms="5395" status="PASS">
          <params>
            <param index="0">
              <value>
                <![CDATA[org.testng.TestRunner@4803b726]]>
              </value>
            </param>
          </params>
          <reporter-output>
          </reporter-output>
        </test-method> <!-- creatUser -->
      </class> <!-- Day3.createuserchaining -->
      <class name="Day3.deleteuserchaining2">
        <test-method signature="deleteuser(org.testng.ITestContext)[pri:0, instance:Day3.deleteuserchaining2@3af9c5b7]" started-at="2025-11-20T17:53:37 IST" name="deleteuser" finished-at="2025-11-20T17:53:40 IST" depends-on-methods="Day3.updateuserchaining2.updateuser" duration-ms="2685" status="PASS">
          <params>
            <param index="0">
              <value>
                <![CDATA[org.testng.TestRunner@4803b726]]>
              </value>
            </param>
          </params>
          <reporter-output>
          </reporter-output>
        </test-method> <!-- deleteuser -->
      </class> <!-- Day3.deleteuserchaining2 -->
      <class name="Day3.updateuserchaining2">
        <test-method signature="updateuser(org.testng.ITestContext)[pri:0, instance:Day3.updateuserchaining2@c86b9e3]" started-at="2025-11-20T17:53:37 IST" name="updateuser" finished-at="2025-11-20T17:53:37 IST" depends-on-methods="Day3.getuserchaining2.getuser" duration-ms="579" status="PASS">
          <params>
            <param index="0">
              <value>
                <![CDATA[org.testng.TestRunner@4803b726]]>
              </value>
            </param>
          </params>
          <reporter-output>
          </reporter-output>
        </test-method> <!-- updateuser -->
      </class> <!-- Day3.updateuserchaining2 -->
      <class name="Day3.getuserchaining2">
        <test-method signature="getuser(org.testng.ITestContext)[pri:0, instance:Day3.getuserchaining2@445b295b]" started-at="2025-11-20T17:53:36 IST" name="getuser" finished-at="2025-11-20T17:53:37 IST" depends-on-methods="Day3.createuserchaining.creatUser" duration-ms="914" status="PASS">
          <params>
            <param index="0">
              <value>
                <![CDATA[org.testng.TestRunner@4803b726]]>
              </value>
            </param>
          </params>
          <reporter-output>
          </reporter-output>
        </test-method> <!-- getuser -->
      </class> <!-- Day3.getuserchaining2 -->
    </test> <!-- passingidtodiffertclasses -->
  </suite> <!-- chainingid -->
</testng-results>
