<?xml version="1.0" encoding="UTF-8"?>
<testng-results ignored="0" total="1" passed="1" failed="0" skipped="0">
  <reporter-output>
  </reporter-output>
  <suite started-at="2025-10-05T13:39:03 IST" name="Suite" finished-at="2025-10-05T13:39:03 IST" duration-ms="58">
    <groups>
    </groups>
    <test started-at="2025-10-05T13:39:03 IST" name="Test" finished-at="2025-10-05T13:39:03 IST" duration-ms="58">
      <class name="mavenpract.cheqacc">
        <test-method signature="a()[pri:0, instance:mavenpract.cheqacc@6c64cb25]" started-at="2025-10-05T13:39:03 IST" name="a" finished-at="2025-10-05T13:39:03 IST" duration-ms="8" status="PASS">
          <reporter-output>
          </reporter-output>
        </test-method> <!-- a -->
      </class> <!-- mavenpract.cheqacc -->
    </test> <!-- Test -->
  </suite> <!-- Suite -->
</testng-results>
