<?xml version="1.0" encoding="UTF-8"?>
<!-- Generated by org.testng.reporters.JUnitReportReporter -->
<testsuite hostname="DESKTOP-L1CFLLS" failures="0" tests="4" name="Day2.chainingwithfaker" time="6.805" errors="0" timestamp="2025-11-20T13:24:13 IST" skipped="0">
  <testcase classname="Day2.chainingwithfaker" name="creatUser" time="4.250"/>
  <testcase classname="Day2.chainingwithfaker" name="deleteuser" time="0.955"/>
  <testcase classname="Day2.chainingwithfaker" name="getuser" time="0.606"/>
  <testcase classname="Day2.chainingwithfaker" name="updateuser" time="0.994"/>
</testsuite> <!-- Day2.chainingwithfaker -->
