<?xml version="1.0" encoding="UTF-8"?>
<!-- Generated by org.testng.reporters.JUnitReportReporter -->
<testsuite hostname="DESKTOP-L1CFLLS" failures="0" tests="4" name="Day1.httpmethods" time="4.307" errors="0" timestamp="2025-11-11T18:11:12 IST" skipped="1">
  <testcase classname="Day1.httpmethods" name="createuser" time="3.397"/>
  <testcase classname="Day1.httpmethods" name="updateuser" time="0.642"/>
  <testcase classname="Day1.httpmethods" name="deleteteuser" time="0.268"/>
  <testcase classname="Day1.httpmethods" name="getusers">
    <skipped/>
  </testcase> <!-- getusers -->
</testsuite> <!-- Day1.httpmethods -->
