<?xml version="1.0" encoding="UTF-8"?>
<testng-results ignored="0" total="1" passed="1" failed="0" skipped="0">
  <reporter-output>
  </reporter-output>
  <suite started-at="2025-10-30T11:05:50 IST" name="Default suite" finished-at="2025-10-30T11:06:05 IST" duration-ms="14996">
    <groups>
      <group name="cucumber">
        <method signature="AbstractTestNGCucumberTests.runScenario(io.cucumber.testng.PickleWrapper,io.cucumber.testng.FeatureWrapper)[pri:0, instance:cucumberoptions.testrunnerprodcutsearch@49438269]" name="runScenario" class="io.cucumber.testng.AbstractTestNGCucumberTests"/>
      </group> <!-- cucumber -->
    </groups>
    <test started-at="2025-10-30T11:05:50 IST" name="Default test" finished-at="2025-10-30T11:06:05 IST" duration-ms="14996">
      <class name="cucumberoptions.testrunnerprodcutsearch">
        <test-method is-config="true" signature="setUpClass(org.testng.ITestContext)[pri:0, instance:cucumberoptions.testrunnerprodcutsearch@49438269]" started-at="2025-10-30T11:05:50 IST" name="setUpClass" finished-at="2025-10-30T11:05:50 IST" duration-ms="265" status="PASS">
          <params>
            <param index="0">
              <value>
                <![CDATA[org.testng.TestRunner@11841b15]]>
              </value>
            </param>
          </params>
          <reporter-output>
          </reporter-output>
        </test-method> <!-- setUpClass -->
        <test-method signature="runScenario(io.cucumber.testng.PickleWrapper,io.cucumber.testng.FeatureWrapper)[pri:0, instance:cucumberoptions.testrunnerprodcutsearch@49438269]" started-at="2025-10-30T11:05:50 IST" name="runScenario" description="Runs Cucumber Scenarios" data-provider="scenarios" finished-at="2025-10-30T11:06:05 IST" duration-ms="14665" status="PASS">
          <params>
            <param index="0">
              <value>
                <![CDATA["searching for an existing product and add to the cart"]]>
              </value>
            </param>
            <param index="1">
              <value>
                <![CDATA["Checkout the selected product"]]>
              </value>
            </param>
          </params>
          <reporter-output>
          </reporter-output>
        </test-method> <!-- runScenario -->
        <test-method is-config="true" signature="tearDownClass()[pri:0, instance:cucumberoptions.testrunnerprodcutsearch@49438269]" started-at="2025-10-30T11:06:05 IST" name="tearDownClass" finished-at="2025-10-30T11:06:05 IST" duration-ms="4" status="PASS">
          <reporter-output>
          </reporter-output>
        </test-method> <!-- tearDownClass -->
      </class> <!-- cucumberoptions.testrunnerprodcutsearch -->
    </test> <!-- Default test -->
  </suite> <!-- Default suite -->
</testng-results>
