<?xml version="1.0" encoding="UTF-8"?>
<!-- Generated by org.testng.reporters.JUnitXMLReporter -->
<testsuite ignored="3" hostname="DESKTOP-L1CFLLS" failures="0" tests="4" name="GRP-unit,reg" time="0.089" errors="0" timestamp="2025-10-07T16:46:53 IST">
  <testcase classname="pack1.group1" name="reggroup" time="0.01"/>
  <testcase classname="pack1.group1" name="reggroup1" time="0.001"/>
  <testcase classname="pack1.group1" name="unitgroup" time="0.001"/>
  <testcase classname="pack1.group1" name="unitgroup1" time="0.003"/>
  <testcase classname="pack1.group1" name="sitgroup" time="0.0">
    <ignored/>
  </testcase> <!-- sitgroup -->
  <testcase classname="pack1.group1" name="uatgroup" time="0.0">
    <ignored/>
  </testcase> <!-- uatgroup -->
  <testcase classname="pack1.group1" name="sitgroup1" time="0.0">
    <ignored/>
  </testcase> <!-- sitgroup1 -->
</testsuite> <!-- GRP-unit,reg -->
