<?xml version="1.0" encoding="UTF-8"?>
<!-- Generated by org.testng.reporters.JUnitReportReporter -->
<testsuite hostname="DESKTOP-L1CFLLS" failures="0" tests="4" name="pack1.group1" time="0.018" errors="0" timestamp="2025-10-07T16:49:02 IST" skipped="0">
  <testcase classname="pack1.group1" name="reggroup" time="0.010"/>
  <testcase classname="pack1.group1" name="sitgroup" time="0.003"/>
  <testcase classname="pack1.group1" name="sitgroup1" time="0.003"/>
  <testcase classname="pack1.group1" name="reggroup1" time="0.002"/>
</testsuite> <!-- pack1.group1 -->
