<?xml version="1.0" encoding="UTF-8"?>
<!-- Generated by org.testng.reporters.JUnitReportReporter -->
<testsuite hostname="DESKTOP-L1CFLLS" failures="0" tests="5" name="grouping.uat" time="0.025" errors="0" timestamp="2025-10-07T17:37:56 IST" skipped="0">
  <testcase classname="grouping.uat" name="sitgroup" time="0.002"/>
  <testcase classname="grouping.uat" name="sitgroup212" time="0.007"/>
  <testcase classname="grouping.uat" name="sitgroup221" time="0.005"/>
  <testcase classname="grouping.uat" name="sitgroup1" time="0.007"/>
  <testcase classname="grouping.uat" name="sitgroup12" time="0.004"/>
</testsuite> <!-- grouping.uat -->
