<?xml version="1.0" encoding="UTF-8"?>
<!-- Generated by org.testng.reporters.JUnitReportReporter -->
<testsuite hostname="DESKTOP-L1CFLLS" failures="0" tests="21" name="dataprovider1.dataprov1" time="0.065" errors="0" timestamp="2025-10-10T22:06:56 IST" skipped="0">
  <testcase classname="dataprovider1.dataprov1" name="logincre" time="0.006"/>
  <testcase classname="dataprovider1.dataprov1" name="m1" time="0.003"/>
  <testcase classname="dataprovider1.dataprov1" name="m3" time="0.002"/>
  <testcase classname="dataprovider1.dataprov1" name="m3" time="0.003"/>
  <testcase classname="dataprovider1.dataprov1" name="m3" time="0.000"/>
  <testcase classname="dataprovider1.dataprov1" name="logincre" time="0.005"/>
  <testcase classname="dataprovider1.dataprov1" name="m3" time="0.006"/>
  <testcase classname="dataprovider1.dataprov1" name="m3" time="0.003"/>
  <testcase classname="dataprovider1.dataprov1" name="m3" time="0.004"/>
  <testcase classname="dataprovider1.dataprov1" name="m1" time="0.005"/>
  <testcase classname="dataprovider1.dataprov1" name="m3" time="0.002"/>
  <testcase classname="dataprovider1.dataprov1" name="logincre" time="0.003"/>
  <testcase classname="dataprovider1.dataprov1" name="m3" time="0.003"/>
  <testcase classname="dataprovider1.dataprov1" name="m2" time="0.002"/>
  <testcase classname="dataprovider1.dataprov1" name="m3" time="0.001"/>
  <testcase classname="dataprovider1.dataprov1" name="m3" time="0.001"/>
  <testcase classname="dataprovider1.dataprov1" name="m1" time="0.004"/>
  <testcase classname="dataprovider1.dataprov1" name="m3" time="0.005"/>
  <testcase classname="dataprovider1.dataprov1" name="m3" time="0.002"/>
  <testcase classname="dataprovider1.dataprov1" name="m2" time="0.002"/>
  <testcase classname="dataprovider1.dataprov1" name="logincre" time="0.003"/>
</testsuite> <!-- dataprovider1.dataprov1 -->
