<?xml version="1.0" encoding="UTF-8"?>
<!-- Generated by org.testng.reporters.JUnitReportReporter -->
<testsuite hostname="DESKTOP-L1CFLLS" failures="0" tests="3" name="skiptc.skiptc1" time="0.015" errors="0" timestamp="2025-10-07T18:21:40 IST" skipped="3">
  <testcase classname="skiptc.skiptc1" name="skipthrow" time="0.003">
    <skipped/>
  </testcase> <!-- skipthrow -->
  <testcase classname="skiptc.skiptc1" name="skipif" time="0.012">
    <skipped/>
  </testcase> <!-- skipif -->
  <testcase classname="skiptc.skiptc1" name="skikenable">
    <skipped/>
  </testcase> <!-- skikenable -->
</testsuite> <!-- skiptc.skiptc1 -->
