<?xml version="1.0" encoding="UTF-8"?>
<!-- Generated by org.testng.reporters.JUnitReportReporter -->
<testsuite hostname="DESKTOP-L1CFLLS" failures="0" tests="3" name="pack1.testngclass1" time="0.019" errors="0" timestamp="2025-10-05T17:42:46 IST" skipped="0">
  <testcase classname="pack1.testngclass1" name="b" time="0.012"/>
  <testcase classname="pack1.testngclass1" name="c" time="0.005"/>
  <testcase classname="pack1.testngclass1" name="a" time="0.002"/>
</testsuite> <!-- pack1.testngclass1 -->
