<?xml version="1.0" encoding="UTF-8"?>
<!-- Generated by org.testng.reporters.JUnitReportReporter -->
<testsuite hostname="DESKTOP-L1CFLLS" failures="0" tests="5" name="grouping.group2" time="0.013" errors="0" timestamp="2025-10-07T17:33:50 IST" skipped="0">
  <testcase classname="grouping.group2" name="sitgroup212" time="0.002"/>
  <testcase classname="grouping.group2" name="sitgroup1" time="0.001"/>
  <testcase classname="grouping.group2" name="sitgroup221" time="0.001"/>
  <testcase classname="grouping.group2" name="sitgroup" time="0.007"/>
  <testcase classname="grouping.group2" name="sitgroup12" time="0.002"/>
</testsuite> <!-- grouping.group2 -->
