<?xml version="1.0" encoding="UTF-8"?>
<!-- Generated by org.testng.reporters.JUnitXMLReporter -->
<testsuite ignored="0" hostname="DESKTOP-L1CFLLS" failures="0" tests="4" name="Default test" time="6.888" errors="0" timestamp="2025-11-20T13:24:13 IST">
  <testcase classname="Day2.chainingwithfaker" name="creatUser" time="4.25"/>
  <testcase classname="Day2.chainingwithfaker" name="getuser" time="0.606"/>
  <testcase classname="Day2.chainingwithfaker" name="updateuser" time="0.994"/>
  <testcase classname="Day2.chainingwithfaker" name="deleteuser" time="0.955"/>
</testsuite> <!-- Default test -->
