<?xml version="1.0" encoding="UTF-8"?>
<!-- Generated by org.testng.reporters.JUnitXMLReporter -->
<testsuite ignored="1" hostname="DESKTOP-L1CFLLS" failures="0" tests="3" name="Default test" time="4.376" errors="0" timestamp="2025-11-11T18:11:12 IST">
  <testcase classname="Day1.httpmethods" name="createuser" time="3.397"/>
  <testcase classname="Day1.httpmethods" name="updateuser" time="0.642"/>
  <testcase classname="Day1.httpmethods" name="deleteteuser" time="0.268"/>
  <testcase classname="Day1.httpmethods" name="getusers" time="0.0">
    <ignored/>
  </testcase> <!-- getusers -->
</testsuite> <!-- Default test -->
