<?xml version="1.0" encoding="UTF-8"?>
<testng-results ignored="0" total="1" passed="1" failed="0" skipped="0">
  <reporter-output>
  </reporter-output>
  <suite started-at="2025-10-15T12:33:30 IST" name="Default suite" finished-at="2025-10-15T12:33:46 IST" duration-ms="15593">
    <groups>
    </groups>
    <test started-at="2025-10-15T12:33:30 IST" name="Default test" finished-at="2025-10-15T12:33:46 IST" duration-ms="15593">
      <class name="xpath.xpathaxes">
        <test-method signature="xpathsiblings()[pri:0, instance:xpath.xpathaxes@3eb738bb]" started-at="2025-10-15T12:33:30 IST" name="xpathsiblings" finished-at="2025-10-15T12:33:46 IST" duration-ms="15526" status="PASS">
          <reporter-output>
          </reporter-output>
        </test-method> <!-- xpathsiblings -->
      </class> <!-- xpath.xpathaxes -->
    </test> <!-- Default test -->
  </suite> <!-- Default suite -->
</testng-results>
