<?xml version="1.0" encoding="UTF-8"?>
<!-- Generated by org.testng.reporters.JUnitXMLReporter -->
<testsuite ignored="14" hostname="DESKTOP-L1CFLLS" failures="0" tests="6" name="sit" time="0.171" errors="0" timestamp="2025-10-07T17:37:56 IST">
  <testcase classname="grouping.sit" name="sitgroup1" time="0.011"/>
  <testcase classname="grouping.uat" name="sitgroup" time="0.002"/>
  <testcase classname="grouping.uat" name="sitgroup1" time="0.007"/>
  <testcase classname="grouping.uat" name="sitgroup12" time="0.004"/>
  <testcase classname="grouping.uat" name="sitgroup212" time="0.007"/>
  <testcase classname="grouping.uat" name="sitgroup221" time="0.005"/>
  <testcase classname="grouping.uat" name="unitgroup" time="0.0">
    <ignored/>
  </testcase> <!-- unitgroup -->
  <testcase classname="grouping.uat" name="unitgroup23" time="0.0">
    <ignored/>
  </testcase> <!-- unitgroup23 -->
  <testcase classname="grouping.uat" name="reggroup" time="0.0">
    <ignored/>
  </testcase> <!-- reggroup -->
  <testcase classname="grouping.sit" name="unitgroup" time="0.0">
    <ignored/>
  </testcase> <!-- unitgroup -->
  <testcase classname="grouping.sit" name="unitgroup1" time="0.0">
    <ignored/>
  </testcase> <!-- unitgroup1 -->
  <testcase classname="grouping.sit" name="reggroup" time="0.0">
    <ignored/>
  </testcase> <!-- reggroup -->
  <testcase classname="grouping.sit" name="sitgroup" time="0.0">
    <ignored/>
  </testcase> <!-- sitgroup -->
  <testcase classname="grouping.sit" name="reggroup1" time="0.0">
    <ignored/>
  </testcase> <!-- reggroup1 -->
  <testcase classname="grouping.uat" name="unitgroup1" time="0.0">
    <ignored/>
  </testcase> <!-- unitgroup1 -->
  <testcase classname="grouping.uat" name="reggroup1" time="0.0">
    <ignored/>
  </testcase> <!-- reggroup1 -->
  <testcase classname="grouping.uat" name="unitgroup21" time="0.0">
    <ignored/>
  </testcase> <!-- unitgroup21 -->
  <testcase classname="grouping.uat" name="unitgroup22" time="0.0">
    <ignored/>
  </testcase> <!-- unitgroup22 -->
  <testcase classname="grouping.sit" name="uatgroup" time="0.0">
    <ignored/>
  </testcase> <!-- uatgroup -->
  <testcase classname="grouping.uat" name="uatgroup" time="0.0">
    <ignored/>
  </testcase> <!-- uatgroup -->
</testsuite> <!-- sit -->
