<?xml version="1.0" encoding="UTF-8"?>
<!-- Generated by org.testng.reporters.JUnitXMLReporter -->
<testsuite ignored="0" hostname="DESKTOP-L1CFLLS" failures="2" tests="3" name="Test" time="0.1" errors="0" timestamp="2025-10-09T11:32:41 IST">
  <testcase classname="parameters.addition" name="add" time="0.0">
    <failure type="org.testng.TestNGException" message="
Parameter &amp;apos;a&amp;apos; is required by @Test on method add but has not been marked @Optional or defined
in D:\Naren-java work space\bframework1\mathcal.xml">
      <![CDATA[org.testng.TestNGException: 
Parameter 'a' is required by @Test on method add but has not been marked @Optional or defined
in D:\Naren-java work space\bframework1\mathcal.xml
at java.base/java.util.ArrayList.forEach(ArrayList.java:1511)
... Removed 26 stack frames]]>
    </failure>
  </testcase> <!-- add -->
  <testcase classname="parameters.division" name="add" time="0.0">
    <failure type="org.testng.TestNGException" message="
Parameter &amp;apos;a&amp;apos; is required by @Test on method add but has not been marked @Optional or defined
in D:\Naren-java work space\bframework1\mathcal.xml">
      <![CDATA[org.testng.TestNGException: 
Parameter 'a' is required by @Test on method add but has not been marked @Optional or defined
in D:\Naren-java work space\bframework1\mathcal.xml
at java.base/java.util.ArrayList.forEach(ArrayList.java:1511)
... Removed 26 stack frames]]>
    </failure>
  </testcase> <!-- add -->
  <testcase classname="parameters.multi" name="add" time="0.008"/>
</testsuite> <!-- Test -->
