<?xml version="1.0" encoding="UTF-8"?>
<testng-results ignored="0" total="1" passed="1" failed="0" skipped="0">
  <reporter-output>
  </reporter-output>
  <suite started-at="2025-10-27T16:53:10 IST" name="Default suite" finished-at="2025-10-27T16:53:16 IST" duration-ms="6766">
    <groups>
    </groups>
    <test started-at="2025-10-27T16:53:10 IST" name="Default test" finished-at="2025-10-27T16:53:16 IST" duration-ms="6766">
      <class name="pageobjmodel1.logintest">
        <test-method is-config="true" signature="setup()[pri:0, instance:pageobjmodel1.logintest@2d1ef81a]" started-at="2025-10-27T16:53:10 IST" name="setup" finished-at="2025-10-27T16:53:12 IST" duration-ms="2727" status="PASS">
          <reporter-output>
          </reporter-output>
        </test-method> <!-- setup -->
        <test-method signature="testlogin()[pri:0, instance:pageobjmodel1.logintest@2d1ef81a]" started-at="2025-10-27T16:53:12 IST" name="testlogin" finished-at="2025-10-27T16:53:15 IST" duration-ms="2403" status="PASS">
          <reporter-output>
          </reporter-output>
        </test-method> <!-- testlogin -->
        <test-method is-config="true" signature="teardown()[pri:0, instance:pageobjmodel1.logintest@2d1ef81a]" started-at="2025-10-27T16:53:15 IST" name="teardown" finished-at="2025-10-27T16:53:16 IST" duration-ms="1542" status="PASS">
          <reporter-output>
          </reporter-output>
        </test-method> <!-- teardown -->
      </class> <!-- pageobjmodel1.logintest -->
    </test> <!-- Default test -->
  </suite> <!-- Default suite -->
</testng-results>
