<?xml version="1.0" encoding="UTF-8"?>
<testng-results ignored="0" total="1" passed="1" failed="0" skipped="0">
  <reporter-output>
  </reporter-output>
  <suite started-at="2025-10-10T18:59:44 IST" name="Default suite" finished-at="2025-10-10T18:59:45 IST" duration-ms="1252">
    <groups>
    </groups>
    <test started-at="2025-10-10T18:59:44 IST" name="Default test" finished-at="2025-10-10T18:59:45 IST" duration-ms="1252">
      <class name="readingexceldata.differentdatatypes">
        <test-method signature="readfromexcel()[pri:0, instance:readingexceldata.differentdatatypes@3b0090a4]" started-at="2025-10-10T18:59:44 IST" name="readfromexcel" finished-at="2025-10-10T18:59:45 IST" duration-ms="1179" status="PASS">
          <reporter-output>
          </reporter-output>
        </test-method> <!-- readfromexcel -->
      </class> <!-- readingexceldata.differentdatatypes -->
    </test> <!-- Default test -->
  </suite> <!-- Default suite -->
</testng-results>
