<?xml version="1.0" encoding="UTF-8"?>
<!-- Generated by org.testng.reporters.JUnitReportReporter -->
<testsuite hostname="DESKTOP-L1CFLLS" failures="0" tests="7" name="CucumberOptions.testrunner" time="0.246" errors="0" timestamp="2025-10-29T12:44:26 IST" skipped="0">
  <testcase classname="CucumberOptions.testrunner" name="runScenario" time="0.151"/>
  <testcase classname="CucumberOptions.testrunner" name="runScenario" time="0.010"/>
  <testcase classname="CucumberOptions.testrunner" name="runScenario" time="0.008"/>
  <testcase classname="CucumberOptions.testrunner" name="runScenario" time="0.041"/>
  <testcase classname="CucumberOptions.testrunner" name="runScenario" time="0.003"/>
  <testcase classname="CucumberOptions.testrunner" name="runScenario" time="0.015"/>
  <testcase classname="CucumberOptions.testrunner" name="runScenario" time="0.018"/>
</testsuite> <!-- CucumberOptions.testrunner -->
