<?xml version="1.0" encoding="UTF-8"?>
<!-- Generated by org.testng.reporters.JUnitXMLReporter -->
<testsuite ignored="0" hostname="DESKTOP-L1CFLLS" failures="0" tests="4" name="passingidtodiffertclasses" time="9.671" errors="0" timestamp="2025-11-20T17:53:40 IST">
  <testcase classname="Day3.createuserchaining" name="creatUser" time="5.395"/>
  <testcase classname="Day3.getuserchaining2" name="getuser" time="0.914"/>
  <testcase classname="Day3.updateuserchaining2" name="updateuser" time="0.579"/>
  <testcase classname="Day3.deleteuserchaining2" name="deleteuser" time="2.685"/>
</testsuite> <!-- passingidtodiffertclasses -->
